<?xml version="1.0" encoding="UTF-8"?>
<testng-results skipped="0" failed="1" ignored="0" total="2" passed="1">
  <reporter-output>
  </reporter-output>
  <suite name="Command line suite" duration-ms="16414" started-at="2023-01-29T03:47:21Z" finished-at="2023-01-29T03:47:38Z">
    <groups>
    </groups>
    <test name="Command line test" duration-ms="16414" started-at="2023-01-29T03:47:21Z" finished-at="2023-01-29T03:47:38Z">
      <class name="TechfiosTests.LoginTest">
        <test-method status="PASS" signature="initDriver()[pri:0, instance:TechfiosTests.LoginTest@dfd3711]" name="initDriver" is-config="true" duration-ms="5729" started-at="2023-01-29T03:47:21Z" finished-at="2023-01-29T03:47:27Z">
          <reporter-output>
          </reporter-output>
        </test-method> <!-- initDriver -->
        <test-method status="PASS" signature="test1()[pri:0, instance:TechfiosTests.LoginTest@dfd3711]" name="test1" duration-ms="2073" started-at="2023-01-29T03:47:27Z" finished-at="2023-01-29T03:47:29Z">
          <reporter-output>
          </reporter-output>
        </test-method> <!-- test1 -->
        <test-method status="PASS" signature="tearDown()[pri:0, instance:TechfiosTests.LoginTest@dfd3711]" name="tearDown" is-config="true" duration-ms="559" started-at="2023-01-29T03:47:29Z" finished-at="2023-01-29T03:47:30Z">
          <reporter-output>
          </reporter-output>
        </test-method> <!-- tearDown -->
      </class> <!-- TechfiosTests.LoginTest -->
      <class name="TechfiosTests.AddCustomerTest">
        <test-method status="PASS" signature="init()[pri:0, instance:TechfiosTests.AddCustomerTest@42d3bd8b]" name="init" is-config="true" duration-ms="3781" started-at="2023-01-29T03:47:30Z" finished-at="2023-01-29T03:47:33Z">
          <reporter-output>
          </reporter-output>
        </test-method> <!-- init -->
        <test-method status="FAIL" signature="addNewContact()[pri:2, instance:TechfiosTests.AddCustomerTest@42d3bd8b]" name="addNewContact" duration-ms="3679" started-at="2023-01-29T03:47:33Z" finished-at="2023-01-29T03:47:37Z">
          <exception class="org.openqa.selenium.ElementNotInteractableException">
            <message>
              <![CDATA[Element <option> could not be scrolled into view
Build info: version: '3.14.0', revision: 'aacccce0', time: '2018-08-02T20:19:58.91Z'
System info: host: 'Comets-MBP.attlocal.net', ip: '2600:1700:3d01:8030:0:0:0:42%en0', os.name: 'Mac OS X', os.arch: 'x86_64', os.version: '10.16', java.version: '1.8.0_202'
Driver info: org.openqa.selenium.firefox.FirefoxDriver
Capabilities {acceptInsecureCerts: true, browserName: firefox, browserVersion: 108.0.1, javascriptEnabled: true, moz:accessibilityChecks: false, moz:buildID: 20221215175817, moz:geckodriverVersion: 0.32.0, moz:headless: false, moz:platformVersion: 21.6.0, moz:processID: 89595, moz:profile: /var/folders/z0/x4c5d89x57b..., moz:shutdownTimeout: 60000, moz:useNonSpecCompliantPointerOrigin: false, moz:webdriverClick: true, moz:windowless: false, pageLoadStrategy: normal, platform: MAC, platformName: MAC, proxy: Proxy(), setWindowRect: true, strictFileInteractability: false, timeouts: {implicit: 0, pageLoad: 300000, script: 30000}, unhandledPromptBehavior: dismiss and notify}
Session ID: 916bd373-4319-45fb-97aa-83fd8fe3c3be]]>
            </message>
            <full-stacktrace>
              <![CDATA[org.openqa.selenium.ElementNotInteractableException: Element <option> could not be scrolled into view
Build info: version: '3.14.0', revision: 'aacccce0', time: '2018-08-02T20:19:58.91Z'
System info: host: 'Comets-MBP.attlocal.net', ip: '2600:1700:3d01:8030:0:0:0:42%en0', os.name: 'Mac OS X', os.arch: 'x86_64', os.version: '10.16', java.version: '1.8.0_202'
Driver info: org.openqa.selenium.firefox.FirefoxDriver
Capabilities {acceptInsecureCerts: true, browserName: firefox, browserVersion: 108.0.1, javascriptEnabled: true, moz:accessibilityChecks: false, moz:buildID: 20221215175817, moz:geckodriverVersion: 0.32.0, moz:headless: false, moz:platformVersion: 21.6.0, moz:processID: 89595, moz:profile: /var/folders/z0/x4c5d89x57b..., moz:shutdownTimeout: 60000, moz:useNonSpecCompliantPointerOrigin: false, moz:webdriverClick: true, moz:windowless: false, pageLoadStrategy: normal, platform: MAC, platformName: MAC, proxy: Proxy(), setWindowRect: true, strictFileInteractability: false, timeouts: {implicit: 0, pageLoad: 300000, script: 30000}, unhandledPromptBehavior: dismiss and notify}
Session ID: 916bd373-4319-45fb-97aa-83fd8fe3c3be
at sun.reflect.NativeConstructorAccessorImpl.newInstance0(Native Method)
at sun.reflect.NativeConstructorAccessorImpl.newInstance(NativeConstructorAccessorImpl.java:62)
at sun.reflect.DelegatingConstructorAccessorImpl.newInstance(DelegatingConstructorAccessorImpl.java:45)
at java.lang.reflect.Constructor.newInstance(Constructor.java:423)
at org.openqa.selenium.remote.http.W3CHttpResponseCodec.createException(W3CHttpResponseCodec.java:187)
at org.openqa.selenium.remote.http.W3CHttpResponseCodec.decode(W3CHttpResponseCodec.java:122)
at org.openqa.selenium.remote.http.W3CHttpResponseCodec.decode(W3CHttpResponseCodec.java:49)
at org.openqa.selenium.remote.HttpCommandExecutor.execute(HttpCommandExecutor.java:158)
at org.openqa.selenium.remote.service.DriverCommandExecutor.execute(DriverCommandExecutor.java:83)
at org.openqa.selenium.remote.RemoteWebDriver.execute(RemoteWebDriver.java:548)
at org.openqa.selenium.remote.RemoteWebElement.execute(RemoteWebElement.java:276)
at org.openqa.selenium.remote.RemoteWebElement.click(RemoteWebElement.java:83)
at org.openqa.selenium.support.ui.Select.setSelected(Select.java:324)
at org.openqa.selenium.support.ui.Select.selectByVisibleText(Select.java:120)
at TechfiosTests.AddCustomerTest.selectFromDropDown(AddCustomerTest.java:158)
at TechfiosTests.AddCustomerTest.addNewContact(AddCustomerTest.java:126)
at sun.reflect.NativeMethodAccessorImpl.invoke0(Native Method)
at sun.reflect.NativeMethodAccessorImpl.invoke(NativeMethodAccessorImpl.java:62)
at sun.reflect.DelegatingMethodAccessorImpl.invoke(DelegatingMethodAccessorImpl.java:43)
at java.lang.reflect.Method.invoke(Method.java:498)
at org.testng.internal.MethodInvocationHelper.invokeMethod(MethodInvocationHelper.java:124)
at org.testng.internal.Invoker.invokeMethod(Invoker.java:583)
at org.testng.internal.Invoker.invokeTestMethod(Invoker.java:719)
at org.testng.internal.Invoker.invokeTestMethods(Invoker.java:989)
at org.testng.internal.TestMethodWorker.invokeTestMethods(TestMethodWorker.java:125)
at org.testng.internal.TestMethodWorker.run(TestMethodWorker.java:109)
at org.testng.TestRunner.privateRun(TestRunner.java:648)
at org.testng.TestRunner.run(TestRunner.java:505)
at org.testng.SuiteRunner.runTest(SuiteRunner.java:455)
at org.testng.SuiteRunner.runSequentially(SuiteRunner.java:450)
at org.testng.SuiteRunner.privateRun(SuiteRunner.java:415)
at org.testng.SuiteRunner.run(SuiteRunner.java:364)
at org.testng.SuiteRunnerWorker.runSuite(SuiteRunnerWorker.java:52)
at org.testng.SuiteRunnerWorker.run(SuiteRunnerWorker.java:84)
at org.testng.TestNG.runSuitesSequentially(TestNG.java:1208)
at org.testng.TestNG.runSuitesLocally(TestNG.java:1137)
at org.testng.TestNG.runSuites(TestNG.java:1049)
at org.testng.TestNG.run(TestNG.java:1017)
at org.apache.maven.surefire.testng.TestNGExecutor.run(TestNGExecutor.java:77)
at org.apache.maven.surefire.testng.TestNGDirectoryTestSuite.executeMulti(TestNGDirectoryTestSuite.java:159)
at org.apache.maven.surefire.testng.TestNGDirectoryTestSuite.execute(TestNGDirectoryTestSuite.java:99)
at org.apache.maven.surefire.testng.TestNGProvider.invoke(TestNGProvider.java:106)
at sun.reflect.NativeMethodAccessorImpl.invoke0(Native Method)
at sun.reflect.NativeMethodAccessorImpl.invoke(NativeMethodAccessorImpl.java:62)
at sun.reflect.DelegatingMethodAccessorImpl.invoke(DelegatingMethodAccessorImpl.java:43)
at java.lang.reflect.Method.invoke(Method.java:498)
at org.apache.maven.surefire.util.ReflectionUtils.invokeMethodWithArray(ReflectionUtils.java:189)
at org.apache.maven.surefire.booter.ProviderFactory$ProviderProxy.invoke(ProviderFactory.java:165)
at org.apache.maven.surefire.booter.ProviderFactory.invokeProvider(ProviderFactory.java:85)
at org.apache.maven.surefire.booter.ForkedBooter.runSuitesInProcess(ForkedBooter.java:115)
at org.apache.maven.surefire.booter.ForkedBooter.main(ForkedBooter.java:75)
]]>
            </full-stacktrace>
          </exception> <!-- org.openqa.selenium.ElementNotInteractableException -->
          <reporter-output>
          </reporter-output>
        </test-method> <!-- addNewContact -->
        <test-method status="PASS" signature="tearDown()[pri:0, instance:TechfiosTests.AddCustomerTest@42d3bd8b]" name="tearDown" is-config="true" duration-ms="571" started-at="2023-01-29T03:47:37Z" finished-at="2023-01-29T03:47:38Z">
          <reporter-output>
          </reporter-output>
        </test-method> <!-- tearDown -->
      </class> <!-- TechfiosTests.AddCustomerTest -->
    </test> <!-- Command line test -->
  </suite> <!-- Command line suite -->
</testng-results>
