<?xml version="1.0" encoding="UTF-8"?>
<testng-results skipped="0" failed="0" ignored="0" total="1" passed="1">
  <reporter-output>
  </reporter-output>
  <suite name="Default suite" duration-ms="2428" started-at="2023-01-25T21:45:58Z" finished-at="2023-01-25T21:46:00Z">
    <groups>
    </groups>
    <test name="Default test" duration-ms="2428" started-at="2023-01-25T21:45:58Z" finished-at="2023-01-25T21:46:00Z">
      <class name="logintest.LoginTest">
        <test-method status="PASS" signature="initDriver()[pri:0, instance:logintest.LoginTest@275710fc]" name="initDriver" is-config="true" duration-ms="2300" started-at="2023-01-25T21:45:58Z" finished-at="2023-01-25T21:46:00Z">
          <reporter-output>
          </reporter-output>
        </test-method> <!-- initDriver -->
        <test-method status="PASS" signature="test1()[pri:0, instance:logintest.LoginTest@275710fc]" name="test1" duration-ms="112" started-at="2023-01-25T21:46:00Z" finished-at="2023-01-25T21:46:00Z">
          <reporter-output>
          </reporter-output>
        </test-method> <!-- test1 -->
      </class> <!-- logintest.LoginTest -->
    </test> <!-- Default test -->
  </suite> <!-- Default suite -->
</testng-results>
